Using pre-set license
Built from '2020.3/staging' branch; Version is '2020.3.35f1 (18e4db7a9996) revision 1631451'; Using compiler version '192528614'; Build Type 'Release'
OS: 'Windows 10  (10.0.19044) 64bit Professional' Language: 'ru' Physical Memory: 20389 MB
BatchMode: 1, IsHumanControllingUs: 0, StartBugReporterOnCrash: 0, Is64bit: 1, IsPro: 0

COMMAND LINE ARGUMENTS:
D:\Daniil\Unity\2020.3.35f1\Editor\Unity.exe
-adb2
-batchMode
-noUpm
-name
AssetImportWorker1
-projectPath
D:/Daniil/OnionFree
-logFile
Logs/AssetImportWorker1.log
-srvPort
56697
Successfully changed project path to: D:/Daniil/OnionFree
D:/Daniil/OnionFree
Using Asset Import Pipeline V2.
Refreshing native plugins compatible for Editor in 984.90 ms, found 3 plugins.
Preloading 0 native plugins for Editor in 0.00 ms.
Initialize engine version: 2020.3.35f1 (18e4db7a9996)
[Subsystems] Discovering subsystems at path D:/Daniil/Unity/2020.3.35f1/Editor/Data/Resources/UnitySubsystems
[Subsystems] Discovering subsystems at path D:/Daniil/OnionFree/Assets
GfxDevice: creating device client; threaded=0
Direct3D:
    Version:  Direct3D 11.0 [level 11.1]
    Renderer: NVIDIA GeForce MX150 (ID=0x1d10)
    Vendor:   
    VRAM:     1983 MB
    Driver:   30.0.14.9649
Initialize mono
Mono path[0] = 'D:/Daniil/Unity/2020.3.35f1/Editor/Data/Managed'
Mono path[1] = 'D:/Daniil/Unity/2020.3.35f1/Editor/Data/MonoBleedingEdge/lib/mono/unityjit'
Mono config path = 'D:/Daniil/Unity/2020.3.35f1/Editor/Data/MonoBleedingEdge/etc'
Using monoOptions --debugger-agent=transport=dt_socket,embedding=1,server=y,suspend=n,address=127.0.0.1:56200
Begin MonoManager ReloadAssembly
Registering precompiled unity dll's ...
Register platform support module: D:/Daniil/Unity/2020.3.35f1/Editor/Data/PlaybackEngines/WindowsStandaloneSupport/UnityEditor.WindowsStandalone.Extensions.dll
Registered in 0.001600 seconds.
